<?xml version="1.0" encoding="UTF-8"?>
<beans xmlns="http://www.springframework.org/schema/beans"
xmlns:xsi="http://www.w3.org/2001/XMLSchema-instance"
xmlns:util="http://www.springframework.org/schema/util"
xsi:schemaLocation="http://www.springframework.org/schema/beans http://www.springframework.org/schema/beans/spring-beans-3.0.xsd
http://www.springframework.org/schema/util http://www.springframework.org/schema/util/spring-util-3.0.xsd">
	
	<util:map id="test-core-testMap">
		<entry key="name1" value="value1"/>
		<entry key="name2" value="value2"/>
	</util:map>

	<bean id="test-core-testMapUnion" class="metal.core.config.MapUnion">
		<property name="sourceMap">
			<map>
				<entry key="test"><ref bean="test-core-testMap"/></entry>
				<entry key="name3" value="value3"/>
			</map>
		</property>
	</bean>
	
</beans>
