<?xml version="1.0" encoding="UTF-8"?>
<beans xmlns="http://www.springframework.org/schema/beans"
xmlns:xsi="http://www.w3.org/2001/XMLSchema-instance"
xsi:schemaLocation="http://www.springframework.org/schema/beans http://www.springframework.org/schema/beans/spring-beans-3.0.xsd">

	<bean id="test-jax-xmlMapper" class="metal.core.mapper.XmlMapper" parent="metal-jax-xmlMapper">
		<property name="modelClasses">
			<list merge="true">
				<value>metal.core.model.BaseObject</value>
				<value>metal.jax.model.Message</value>
			</list>
		</property>
	</bean>
	
	<bean id="test-jax-jsonMapper" class="metal.core.mapper.JsonMapper" parent="test-jax-xmlMapper"/>

</beans>
